<?xml version="1.0" encoding="UTF-8"?>
<!-- Generated by org.testng.reporters.JUnitReportReporter -->
<testsuite hostname="LAPTOP-IDB23VB0" failures="0" tests="3" name="testNG.AfterClassVsBeforeClass" time="0.005" errors="0" timestamp="2022-09-29T20:41:52 IST" skipped="0">
  <testcase classname="testNG.AfterClassVsBeforeClass" name="searchbyemail" time="0.001"/>
  <system-out/>
  <testcase classname="testNG.AfterClassVsBeforeClass" name="search" time="0.001"/>
  <system-out/>
  <testcase classname="testNG.AfterClassVsBeforeClass" name="Testlogin" time="0.003"/>
  <system-out/>
</testsuite> <!-- testNG.AfterClassVsBeforeClass -->
