<?xml version="1.0" encoding="UTF-8"?>
<!-- Generated by org.testng.reporters.JUnitReportReporter -->
<testsuite hostname="LAPTOP-IDB23VB0" failures="0" tests="7" name="testCases.TC_LoginDDT_01" time="65.133" errors="0" timestamp="2022-10-07T16:48:38 IST" skipped="0">
  <testcase classname="testCases.TC_LoginDDT_01" name="Test_Login" time="10.609"/>
  <system-out/>
  <testcase classname="testCases.TC_LoginDDT_01" name="Test_Login" time="1.622"/>
  <system-out/>
  <testcase classname="testCases.TC_LoginDDT_01" name="Test_Login" time="10.570"/>
  <system-out/>
  <testcase classname="testCases.TC_LoginDDT_01" name="Test_Login" time="10.557"/>
  <system-out/>
  <testcase classname="testCases.TC_LoginDDT_01" name="Test_Login" time="10.529"/>
  <system-out/>
  <testcase classname="testCases.TC_LoginDDT_01" name="Test_Login" time="10.725"/>
  <system-out/>
  <testcase classname="testCases.TC_LoginDDT_01" name="Test_Login" time="10.521"/>
  <system-out/>
</testsuite> <!-- testCases.TC_LoginDDT_01 -->
