<?xml version="1.0" encoding="UTF-8"?>
<!-- Generated by org.testng.reporters.JUnitReportReporter -->
<testsuite hostname="LAPTOP-IDB23VB0" failures="0" tests="3" name="testNG.AftermethodVsBeforemethod" time="0.016" errors="0" timestamp="2022-09-29T20:41:03 IST" skipped="0">
  <testcase classname="testNG.AftermethodVsBeforemethod" name="searchbyemail" time="0.002"/>
  <system-out/>
  <testcase classname="testNG.AftermethodVsBeforemethod" name="Testlogin" time="0.012"/>
  <system-out/>
  <testcase classname="testNG.AftermethodVsBeforemethod" name="search" time="0.002"/>
  <system-out/>
</testsuite> <!-- testNG.AftermethodVsBeforemethod -->
