<?xml version="1.0" encoding="UTF-8"?>
<!-- Generated by org.testng.reporters.JUnitReportReporter -->
<testsuite hostname="LAPTOP-IDB23VB0" failures="0" tests="1" name="testCases.TC_openCart_001" time="4.063" errors="0" timestamp="2022-08-16T19:25:06 IST" skipped="0">
  <testcase classname="testCases.TC_openCart_001" name="Test_logintest" time="4.063"/>
  <system-out/>
</testsuite> <!-- testCases.TC_openCart_001 -->
