<?xml version="1.0" encoding="UTF-8"?>
<!-- Generated by org.testng.reporters.JUnitReportReporter -->
<testsuite hostname="LAPTOP-IDB23VB0" failures="0" tests="1" name="testCases.TC_AdminDDT_02" time="0.000" errors="0" timestamp="2022-10-07T16:53:18 IST" skipped="1">
  <testcase classname="testCases.TC_AdminDDT_02" name="Test_Admin" time="0.000">
    <skipped/>
  </testcase> <!-- Test_Admin -->
  <system-out/>
</testsuite> <!-- testCases.TC_AdminDDT_02 -->
