<?xml version="1.0" encoding="UTF-8"?>
<!-- Generated by org.testng.reporters.JUnitReportReporter -->
<testsuite hostname="LAPTOP-IDB23VB0" failures="0" tests="1" name="testNG.ALLAnnonations" time="0.009" errors="0" timestamp="2022-09-29T20:40:08 IST" skipped="0">
  <testcase classname="testNG.ALLAnnonations" name="test" time="0.009"/>
  <system-out/>
</testsuite> <!-- testNG.ALLAnnonations -->
