<?xml version="1.0" encoding="UTF-8"?>
<!-- Generated by org.testng.reporters.JUnitReportReporter -->
<testsuite hostname="LAPTOP-IDB23VB0" failures="0" tests="1" name="testNG.Assertions" time="0.012" errors="0" timestamp="2022-09-29T20:48:34 IST" skipped="0">
  <testcase classname="testNG.Assertions" name="Testassertions" time="0.012"/>
  <system-out/>
</testsuite> <!-- testNG.Assertions -->
