<?xml version="1.0" encoding="UTF-8"?>
<!-- Generated by org.testng.reporters.JUnitReportReporter -->
<testsuite hostname="LAPTOP-IDB23VB0" failures="0" tests="1" name="testCases.TC_Postdemand_Test" time="19.593" errors="0" timestamp="2022-08-28T19:30:16 IST" skipped="0">
  <testcase classname="testCases.TC_Postdemand_Test" name="Test_PostaDemand" time="19.593"/>
  <system-out/>
</testsuite> <!-- testCases.TC_Postdemand_Test -->
