<?xml version="1.0" encoding="UTF-8"?>
<!-- Generated by org.testng.reporters.JUnitReportReporter -->
<testsuite hostname="LAPTOP-IDB23VB0" failures="0" tests="1" name="testNG.Annonations" time="0.008" errors="0" timestamp="2022-08-20T11:46:47 IST" skipped="0">
  <testcase classname="testNG.Annonations" name="test" time="0.008"/>
  <system-out/>
</testsuite> <!-- testNG.Annonations -->
