<?xml version="1.0" encoding="UTF-8"?>
<!-- Generated by org.testng.reporters.JUnitReportReporter -->
<testsuite hostname="LAPTOP-IDB23VB0" failures="0" tests="4" name="testCases.TC_Buyersearch_Test" time="25.824" errors="0" timestamp="2022-09-05T18:25:34 IST" skipped="0">
  <testcase classname="testCases.TC_Buyersearch_Test" name="Test_searchname" time="8.868"/>
  <system-out/>
  <testcase classname="testCases.TC_Buyersearch_Test" name="Test_searchCity" time="5.642"/>
  <system-out/>
  <testcase classname="testCases.TC_Buyersearch_Test" name="Test_searchDestination" time="5.725"/>
  <system-out/>
  <testcase classname="testCases.TC_Buyersearch_Test" name="Test_EnterpriseName" time="5.589"/>
  <system-out/>
</testsuite> <!-- testCases.TC_Buyersearch_Test -->
