<?xml version="1.0" encoding="UTF-8"?>
<!-- Generated by org.testng.reporters.JUnitReportReporter -->
<testsuite hostname="LAPTOP-IDB23VB0" failures="0" tests="1" name="testCases.TC_AddAdmin_Test" time="10.899" errors="0" timestamp="2022-10-07T12:00:35 IST" skipped="0">
  <testcase classname="testCases.TC_AddAdmin_Test" name="AddAdmin_Test" time="10.899"/>
  <system-out/>
</testsuite> <!-- testCases.TC_AddAdmin_Test -->
