<?xml version="1.0" encoding="UTF-8"?>
<!-- Generated by org.testng.reporters.JUnitReportReporter -->
<testsuite hostname="LAPTOP-IDB23VB0" failures="0" tests="1" name="testCases.TC_BrokerRegistration_Test" time="4.604" errors="0" timestamp="2022-10-11T16:59:11 IST" skipped="0">
  <testcase classname="testCases.TC_BrokerRegistration_Test" name="BrokerSignup_Test" time="4.604"/>
  <system-out/>
</testsuite> <!-- testCases.TC_BrokerRegistration_Test -->
