<?xml version="1.0" encoding="UTF-8"?>
<!-- Generated by org.testng.reporters.JUnitReportReporter -->
<testsuite hostname="LAPTOP-IDB23VB0" failures="0" tests="2" name="testNG.BeforeTestVsAfterTest" time="0.005" errors="0" timestamp="2022-09-29T21:10:20 IST" skipped="0">
  <testcase classname="testNG.BeforeTestVsAfterTest" name="Testlogin" time="0.004"/>
  <system-out/>
  <testcase classname="testNG.BeforeTestVsAfterTest" name="logout" time="0.001"/>
  <system-out/>
</testsuite> <!-- testNG.BeforeTestVsAfterTest -->
