<?xml version="1.0" encoding="UTF-8"?>
<!-- Generated by org.testng.reporters.JUnitReportReporter -->
<testsuite hostname="LAPTOP-IDB23VB0" failures="0" tests="2" name="testNG.Grouping" time="0.009" errors="0" timestamp="2022-10-01T12:48:47 IST" skipped="0">
  <testcase classname="testNG.Grouping" name="paymentinrupees" time="0.001"/>
  <system-out/>
  <testcase classname="testNG.Grouping" name="SanityandRegression" time="0.008"/>
  <system-out/>
</testsuite> <!-- testNG.Grouping -->
