<?xml version="1.0" encoding="UTF-8"?>
<!-- Generated by org.testng.reporters.JUnitReportReporter -->
<testsuite hostname="LAPTOP-IDB23VB0" failures="0" tests="1" name="javaPrograms.BubbleSort" time="0.010" errors="0" timestamp="2022-09-20T21:23:35 IST" skipped="0">
  <testcase classname="javaPrograms.BubbleSort" name="run" time="0.010"/>
  <system-out/>
</testsuite> <!-- javaPrograms.BubbleSort -->
